<?xml version="1.0" encoding="UTF-8"?>
<!-- Generated by org.testng.reporters.JUnitReportReporter -->
<testsuite skipped="0" hostname="LTIN424763" name="Tst.TestingAutomobile" tests="9" failures="0" timestamp="2023-06-28T11:38:15 IST" time="83.080" errors="0">
  <testcase name="siteAutomobile" time="11.966" classname="Tst.TestingAutomobile"/>
  <system-out/>
  <testcase name="siteAutomobile" time="9.782" classname="Tst.TestingAutomobile"/>
  <system-out/>
  <testcase name="siteAutomobile" time="6.970" classname="Tst.TestingAutomobile"/>
  <system-out/>
  <testcase name="siteAutomobile" time="16.314" classname="Tst.TestingAutomobile"/>
  <system-out/>
  <testcase name="siteAutomobile" time="8.116" classname="Tst.TestingAutomobile"/>
  <system-out/>
  <testcase name="siteAutomobile" time="6.900" classname="Tst.TestingAutomobile"/>
  <system-out/>
  <testcase name="siteAutomobile" time="6.419" classname="Tst.TestingAutomobile"/>
  <system-out/>
  <testcase name="siteAutomobile" time="7.088" classname="Tst.TestingAutomobile"/>
  <system-out/>
  <testcase name="siteAutomobile" time="9.525" classname="Tst.TestingAutomobile"/>
  <system-out/>
</testsuite> <!-- Tst.TestingAutomobile -->
