<?xml version="1.0" encoding="UTF-8"?>
<!-- Generated by org.testng.reporters.JUnitReportReporter -->
<testsuite skipped="0" hostname="LTIN424763" name="Tst.Xssfsheet" tests="1" failures="0" timestamp="2023-04-11T15:20:37 IST" time="0.482" errors="0">
  <testcase name="reading" time="0.482" classname="Tst.Xssfsheet"/>
  <system-out/>
</testsuite> <!-- Tst.Xssfsheet -->
