<?xml version="1.0" encoding="UTF-8"?>
<!-- Generated by org.testng.reporters.JUnitReportReporter -->
<testsuite skipped="0" hostname="LTIN424763" name="Tst.TestingMotorCycle" tests="1" failures="0" timestamp="2023-06-27T16:23:58 IST" time="14.977" errors="0">
  <testcase name="siteTwoWheeler" time="14.977" classname="Tst.TestingMotorCycle"/>
  <system-out/>
</testsuite> <!-- Tst.TestingMotorCycle -->
